0 info it worked if it ends with ok
1 verbose cli [ '/usr/local/bin/node',
1 verbose cli   '/usr/local/bin/npm',
1 verbose cli   'install',
1 verbose cli   '-g',
1 verbose cli   'express' ]
2 info using npm@2.14.7
3 info using node@v4.2.2
4 verbose install initial load of /usr/local/lib/package.json
5 verbose readDependencies loading dependencies from /usr/local/lib/package.json
6 silly cache add args [ 'express', null ]
7 verbose cache add spec express
8 silly cache add parsed spec Result {
8 silly cache add   raw: 'express',
8 silly cache add   scope: null,
8 silly cache add   name: 'express',
8 silly cache add   rawSpec: '',
8 silly cache add   spec: '*',
8 silly cache add   type: 'range' }
9 silly addNamed express@*
10 verbose addNamed "*" is a valid semver range for express
11 silly addNameRange { name: 'express', range: '*', hasData: false }
12 silly mapToRegistry name express
13 silly mapToRegistry using default registry
14 silly mapToRegistry registry https://registry.npmjs.org/
15 silly mapToRegistry uri https://registry.npmjs.org/express
16 verbose addNameRange registry:https://registry.npmjs.org/express not in flight; fetching
17 verbose request uri https://registry.npmjs.org/express
18 verbose request no auth needed
19 info attempt registry request try #1 at 00:28:33
20 verbose request id 2b527fd3f11fd36b
21 verbose etag "2IPLMZNE0YD0DD3WKNOYSI9KP"
22 http request GET https://registry.npmjs.org/express
23 http 304 https://registry.npmjs.org/express
24 verbose headers { date: 'Wed, 18 Nov 2015 22:28:34 GMT',
24 verbose headers   via: '1.1 varnish',
24 verbose headers   'cache-control': 'max-age=60',
24 verbose headers   etag: '"2IPLMZNE0YD0DD3WKNOYSI9KP"',
24 verbose headers   age: '6',
24 verbose headers   connection: 'keep-alive',
24 verbose headers   'x-served-by': 'cache-fra1237-FRA',
24 verbose headers   'x-cache': 'HIT',
24 verbose headers   'x-cache-hits': '1',
24 verbose headers   'x-timer': 'S1447885714.565606,VS0,VE1',
24 verbose headers   vary: 'Accept' }
25 silly get cb [ 304,
25 silly get   { date: 'Wed, 18 Nov 2015 22:28:34 GMT',
25 silly get     via: '1.1 varnish',
25 silly get     'cache-control': 'max-age=60',
25 silly get     etag: '"2IPLMZNE0YD0DD3WKNOYSI9KP"',
25 silly get     age: '6',
25 silly get     connection: 'keep-alive',
25 silly get     'x-served-by': 'cache-fra1237-FRA',
25 silly get     'x-cache': 'HIT',
25 silly get     'x-cache-hits': '1',
25 silly get     'x-timer': 'S1447885714.565606,VS0,VE1',
25 silly get     vary: 'Accept' } ]
26 verbose etag https://registry.npmjs.org/express from cache
27 verbose get saving express to /Users/orhangencer/.npm/registry.npmjs.org/express/.cache.json
28 silly addNameRange number 2 { name: 'express', range: '*', hasData: true }
29 silly addNameRange versions [ 'express',
29 silly addNameRange   [ '0.14.0',
29 silly addNameRange     '0.14.1',
29 silly addNameRange     '1.0.0',
29 silly addNameRange     '1.0.1',
29 silly addNameRange     '1.0.2',
29 silly addNameRange     '1.0.3',
29 silly addNameRange     '1.0.4',
29 silly addNameRange     '1.0.5',
29 silly addNameRange     '1.0.6',
29 silly addNameRange     '1.0.7',
29 silly addNameRange     '1.0.8',
29 silly addNameRange     '2.0.0',
29 silly addNameRange     '2.1.0',
29 silly addNameRange     '2.1.1',
29 silly addNameRange     '2.2.0',
29 silly addNameRange     '2.2.1',
29 silly addNameRange     '2.2.2',
29 silly addNameRange     '2.3.0',
29 silly addNameRange     '2.3.1',
29 silly addNameRange     '2.3.2',
29 silly addNameRange     '2.3.3',
29 silly addNameRange     '2.3.4',
29 silly addNameRange     '2.3.5',
29 silly addNameRange     '2.3.6',
29 silly addNameRange     '2.3.7',
29 silly addNameRange     '2.3.8',
29 silly addNameRange     '2.3.9',
29 silly addNameRange     '2.3.10',
29 silly addNameRange     '2.3.11',
29 silly addNameRange     '2.3.12',
29 silly addNameRange     '2.4.0',
29 silly addNameRange     '2.4.1',
29 silly addNameRange     '2.4.2',
29 silly addNameRange     '2.4.3',
29 silly addNameRange     '2.4.4',
29 silly addNameRange     '2.4.5',
29 silly addNameRange     '2.4.6',
29 silly addNameRange     '2.4.7',
29 silly addNameRange     '2.5.0',
29 silly addNameRange     '2.5.1',
29 silly addNameRange     '2.5.2',
29 silly addNameRange     '2.5.3',
29 silly addNameRange     '2.5.4',
29 silly addNameRange     '2.5.5',
29 silly addNameRange     '2.5.6',
29 silly addNameRange     '2.5.7',
29 silly addNameRange     '2.5.8',
29 silly addNameRange     '2.5.9',
29 silly addNameRange     '2.5.10',
29 silly addNameRange     '2.5.11',
29 silly addNameRange     '3.0.0',
29 silly addNameRange     '3.0.1',
29 silly addNameRange     '3.0.2',
29 silly addNameRange     '3.0.3',
29 silly addNameRange     '3.0.4',
29 silly addNameRange     '3.0.5',
29 silly addNameRange     '3.0.6',
29 silly addNameRange     '3.1.0',
29 silly addNameRange     '3.1.1',
29 silly addNameRange     '3.1.2',
29 silly addNameRange     '3.2.0',
29 silly addNameRange     '3.2.1',
29 silly addNameRange     '3.2.2',
29 silly addNameRange     '3.2.3',
29 silly addNameRange     '3.2.4',
29 silly addNameRange     '3.2.5',
29 silly addNameRange     '3.2.6',
29 silly addNameRange     '3.3.0',
29 silly addNameRange     '3.3.1',
29 silly addNameRange     '3.3.2',
29 silly addNameRange     '3.3.3',
29 silly addNameRange     '3.3.4',
29 silly addNameRange     '3.3.5',
29 silly addNameRange     '3.3.6',
29 silly addNameRange     '1.0.0-beta',
29 silly addNameRange     '1.0.0-beta2',
29 silly addNameRange     '1.0.0-rc',
29 silly addNameRange     '1.0.0-rc2',
29 silly addNameRange     '1.0.0-rc3',
29 silly addNameRange     '1.0.0-rc4',
29 silly addNameRange     '2.0.0-beta',
29 silly addNameRange     '2.0.0-beta2',
29 silly addNameRange     '2.0.0-beta3',
29 silly addNameRange     '2.0.0-rc',
29 silly addNameRange     '2.0.0-rc2',
29 silly addNameRange     '2.0.0-rc3',
29 silly addNameRange     '3.0.0-alpha1',
29 silly addNameRange     '3.0.0-alpha2',
29 silly addNameRange     '3.0.0-alpha3',
29 silly addNameRange     '3.0.0-alpha4',
29 silly addNameRange     '3.0.0-alpha5',
29 silly addNameRange     '3.0.0-beta1',
29 silly addNameRange     '3.0.0-beta2',
29 silly addNameRange     '3.0.0-beta3',
29 silly addNameRange     '3.0.0-beta4',
29 silly addNameRange     '3.0.0-beta6',
29 silly addNameRange     '3.0.0-beta7',
29 silly addNameRange     '3.0.0-rc1',
29 silly addNameRange     '3.0.0-rc2',
29 silly addNameRange     '3.0.0-rc3',
29 silly addNameRange     '3.0.0-rc4',
29 silly addNameRange     '3.0.0-rc5',
29 silly addNameRange     '3.3.7',
29 silly addNameRange     '3.3.8',
29 silly addNameRange     '3.4.0',
29 silly addNameRange     '3.4.1',
29 silly addNameRange     '3.4.2',
29 silly addNameRange     '3.4.3',
29 silly addNameRange     '3.4.4',
29 silly addNameRange     '3.4.5',
29 silly addNameRange     '3.4.6',
29 silly addNameRange     '3.4.7',
29 silly addNameRange     '3.4.8',
29 silly addNameRange     '4.0.0-rc1',
29 silly addNameRange     '4.0.0-rc2',
29 silly addNameRange     '3.5.0',
29 silly addNameRange     '4.0.0-rc3',
29 silly addNameRange     '4.0.0-rc4',
29 silly addNameRange     '3.5.1',
29 silly addNameRange     '4.0.0',
29 silly addNameRange     '3.5.2',
29 silly addNameRange     '4.1.0',
29 silly addNameRange     '4.1.1',
29 silly addNameRange     '3.5.3',
29 silly addNameRange     '4.1.2',
29 silly addNameRange     '3.6.0',
29 silly addNameRange     '4.2.0',
29 silly addNameRange     '3.7.0',
29 silly addNameRange     '3.8.0',
29 silly addNameRange     '4.3.0',
29 silly addNameRange     '4.3.1',
29 silly addNameRange     '3.8.1',
29 silly addNameRange     '4.3.2',
29 silly addNameRange     '3.9.0',
29 silly addNameRange     '4.4.0',
29 silly addNameRange     '4.4.1',
29 silly addNameRange     '3.10.0',
29 silly addNameRange     '3.10.1',
29 silly addNameRange     '3.10.2',
29 silly addNameRange     '3.10.3',
29 silly addNameRange     '3.10.4',
29 silly addNameRange     '4.4.2',
29 silly addNameRange     '3.10.5',
29 silly addNameRange     '4.4.3',
29 silly addNameRange     '3.11.0',
29 silly addNameRange     '4.4.4',
29 silly addNameRange     '3.12.0',
29 silly addNameRange     '3.12.1',
29 silly addNameRange     '4.4.5',
29 silly addNameRange     '3.13.0',
29 silly addNameRange     '4.5.0',
29 silly addNameRange     '4.5.1',
29 silly addNameRange     '3.14.0',
29 silly addNameRange     '4.6.0',
29 silly addNameRange     '4.6.1',
29 silly addNameRange     '3.15.0',
29 silly addNameRange     '4.7.0',
29 silly addNameRange     '3.15.1',
29 silly addNameRange     '4.7.1',
29 silly addNameRange     '3.15.2',
29 silly addNameRange     '4.7.2',
29 silly addNameRange     '4.7.3',
29 silly addNameRange     '3.15.3',
29 silly addNameRange     '4.7.4',
29 silly addNameRange     '3.16.0',
29 silly addNameRange     '4.8.0',
29 silly addNameRange     '3.16.1',
29 silly addNameRange     '4.8.1',
29 silly addNameRange     '3.16.2',
29 silly addNameRange     '4.8.2',
29 silly addNameRange     '3.16.3',
29 silly addNameRange     '3.16.4',
29 silly addNameRange     '4.8.3',
29 silly addNameRange     '3.16.5',
29 silly addNameRange     '3.16.6',
29 silly addNameRange     '4.8.4',
29 silly addNameRange     '3.16.7',
29 silly addNameRange     '4.8.5',
29 silly addNameRange     '3.16.8',
29 silly addNameRange     '4.8.6',
29 silly addNameRange     '3.16.9',
29 silly addNameRange     '4.8.7',
29 silly addNameRange     '3.16.10',
29 silly addNameRange     '4.8.8',
29 silly addNameRange     '3.17.0',
29 silly addNameRange     '3.17.1',
29 silly addNameRange     '4.9.0',
29 silly addNameRange     '3.17.2',
29 silly addNameRange     '4.9.1',
29 silly addNameRange     '4.9.2',
29 silly addNameRange     '3.17.3',
29 silly addNameRange     '4.9.3',
29 silly addNameRange     '3.17.4',
29 silly addNameRange     '4.9.4',
29 silly addNameRange     '3.17.5',
29 silly addNameRange     '4.9.5',
29 silly addNameRange     '3.17.6',
29 silly addNameRange     '3.17.7',
29 silly addNameRange     '4.9.6',
29 silly addNameRange     '4.9.7',
29 silly addNameRange     '3.17.8',
29 silly addNameRange     '4.9.8',
29 silly addNameRange     '3.18.0',
29 silly addNameRange     '3.18.1',
29 silly addNameRange     '4.10.0',
29 silly addNameRange     '3.18.2',
29 silly addNameRange     '4.10.1',
29 silly addNameRange     '5.0.0-alpha.1',
29 silly addNameRange     '3.18.3',
29 silly addNameRange     '4.10.2',
29 silly addNameRange     '3.18.4',
29 silly addNameRange     '4.10.3',
29 silly addNameRange     '4.10.4',
29 silly addNameRange     '4.10.5',
29 silly addNameRange     '3.18.5',
29 silly addNameRange     '3.18.6',
29 silly addNameRange     '4.10.6',
29 silly addNameRange     '4.10.7',
29 silly addNameRange     '3.19.0',
29 silly addNameRange     '4.10.8',
29 silly addNameRange     '4.11.0',
29 silly addNameRange     '3.19.1',
29 silly addNameRange     '4.11.1',
29 silly addNameRange     '3.19.2',
29 silly addNameRange     '4.11.2',
29 silly addNameRange     '3.20.0',
29 silly addNameRange     '4.12.0',
29 silly addNameRange     '3.20.1',
29 silly addNameRange     '4.12.1',
29 silly addNameRange     '4.12.2',
29 silly addNameRange     '3.20.2',
29 silly addNameRange     '4.12.3',
29 silly addNameRange     '3.20.3',
29 silly addNameRange     '4.12.4',
29 silly addNameRange     '3.21.0',
29 silly addNameRange     '4.13.0',
29 silly addNameRange     '3.21.1',
29 silly addNameRange     '4.13.1',
29 silly addNameRange     '5.0.0-alpha.2',
29 silly addNameRange     '3.21.2',
29 silly addNameRange     '4.13.2',
29 silly addNameRange     '4.13.3' ] ]
30 silly addNamed express@4.13.3
31 verbose addNamed "4.13.3" is a plain semver version for express
32 silly cache afterAdd express@4.13.3
33 verbose afterAdd /Users/orhangencer/.npm/express/4.13.3/package/package.json not in flight; writing
34 verbose afterAdd /Users/orhangencer/.npm/express/4.13.3/package/package.json written
35 silly install resolved [ { name: 'express',
35 silly install resolved     description: 'Fast, unopinionated, minimalist web framework',
35 silly install resolved     version: '4.13.3',
35 silly install resolved     author: { name: 'TJ Holowaychuk', email: 'tj@vision-media.ca' },
35 silly install resolved     contributors:
35 silly install resolved      [ [Object],
35 silly install resolved        [Object],
35 silly install resolved        [Object],
35 silly install resolved        [Object],
35 silly install resolved        [Object],
35 silly install resolved        [Object],
35 silly install resolved        [Object] ],
35 silly install resolved     license: 'MIT',
35 silly install resolved     repository:
35 silly install resolved      { type: 'git',
35 silly install resolved        url: 'git+https://github.com/strongloop/express.git' },
35 silly install resolved     homepage: 'http://expressjs.com/',
35 silly install resolved     keywords:
35 silly install resolved      [ 'express',
35 silly install resolved        'framework',
35 silly install resolved        'sinatra',
35 silly install resolved        'web',
35 silly install resolved        'rest',
35 silly install resolved        'restful',
35 silly install resolved        'router',
35 silly install resolved        'app',
35 silly install resolved        'api' ],
35 silly install resolved     dependencies:
35 silly install resolved      { accepts: '~1.2.12',
35 silly install resolved        'array-flatten': '1.1.1',
35 silly install resolved        'content-disposition': '0.5.0',
35 silly install resolved        'content-type': '~1.0.1',
35 silly install resolved        cookie: '0.1.3',
35 silly install resolved        'cookie-signature': '1.0.6',
35 silly install resolved        debug: '~2.2.0',
35 silly install resolved        depd: '~1.0.1',
35 silly install resolved        'escape-html': '1.0.2',
35 silly install resolved        etag: '~1.7.0',
35 silly install resolved        finalhandler: '0.4.0',
35 silly install resolved        fresh: '0.3.0',
35 silly install resolved        'merge-descriptors': '1.0.0',
35 silly install resolved        methods: '~1.1.1',
35 silly install resolved        'on-finished': '~2.3.0',
35 silly install resolved        parseurl: '~1.3.0',
35 silly install resolved        'path-to-regexp': '0.1.7',
35 silly install resolved        'proxy-addr': '~1.0.8',
35 silly install resolved        qs: '4.0.0',
35 silly install resolved        'range-parser': '~1.0.2',
35 silly install resolved        send: '0.13.0',
35 silly install resolved        'serve-static': '~1.10.0',
35 silly install resolved        'type-is': '~1.6.6',
35 silly install resolved        'utils-merge': '1.0.0',
35 silly install resolved        vary: '~1.0.1' },
35 silly install resolved     devDependencies:
35 silly install resolved      { after: '0.8.1',
35 silly install resolved        ejs: '2.3.3',
35 silly install resolved        istanbul: '0.3.17',
35 silly install resolved        marked: '0.3.5',
35 silly install resolved        mocha: '2.2.5',
35 silly install resolved        should: '7.0.2',
35 silly install resolved        supertest: '1.0.1',
35 silly install resolved        'body-parser': '~1.13.3',
35 silly install resolved        'connect-redis': '~2.4.1',
35 silly install resolved        'cookie-parser': '~1.3.5',
35 silly install resolved        'cookie-session': '~1.2.0',
35 silly install resolved        'express-session': '~1.11.3',
35 silly install resolved        jade: '~1.11.0',
35 silly install resolved        'method-override': '~2.3.5',
35 silly install resolved        morgan: '~1.6.1',
35 silly install resolved        multiparty: '~4.1.2',
35 silly install resolved        vhost: '~3.0.1' },
35 silly install resolved     engines: { node: '>= 0.10.0' },
35 silly install resolved     files: [ 'LICENSE', 'History.md', 'Readme.md', 'index.js', 'lib/' ],
35 silly install resolved     scripts:
35 silly install resolved      { test: 'mocha --require test/support/env --reporter spec --bail --check-leaks test/ test/acceptance/',
35 silly install resolved        'test-ci': 'istanbul cover node_modules/mocha/bin/_mocha --report lcovonly -- --require test/support/env --reporter spec --check-leaks test/ test/acceptance/',
35 silly install resolved        'test-cov': 'istanbul cover node_modules/mocha/bin/_mocha -- --require test/support/env --reporter dot --check-leaks test/ test/acceptance/',
35 silly install resolved        'test-tap': 'mocha --require test/support/env --reporter tap --check-leaks test/ test/acceptance/' },
35 silly install resolved     gitHead: 'ef7ad681b245fba023843ce94f6bcb8e275bbb8e',
35 silly install resolved     bugs: { url: 'https://github.com/strongloop/express/issues' },
35 silly install resolved     _id: 'express@4.13.3',
35 silly install resolved     _shasum: 'ddb2f1fb4502bf33598d2b032b037960ca6c80a3',
35 silly install resolved     _from: 'express@*',
35 silly install resolved     _npmVersion: '1.4.28',
35 silly install resolved     _npmUser: { name: 'dougwilson', email: 'doug@somethingdoug.com' },
35 silly install resolved     maintainers:
35 silly install resolved      [ [Object],
35 silly install resolved        [Object],
35 silly install resolved        [Object],
35 silly install resolved        [Object],
35 silly install resolved        [Object],
35 silly install resolved        [Object],
35 silly install resolved        [Object] ],
35 silly install resolved     dist:
35 silly install resolved      { shasum: 'ddb2f1fb4502bf33598d2b032b037960ca6c80a3',
35 silly install resolved        tarball: 'http://registry.npmjs.org/express/-/express-4.13.3.tgz' },
35 silly install resolved     directories: {},
35 silly install resolved     _resolved: 'https://registry.npmjs.org/express/-/express-4.13.3.tgz',
35 silly install resolved     readme: 'ERROR: No README data found!' } ]
36 info install express@4.13.3 into /usr/local/lib
37 info installOne express@4.13.3
38 verbose installOne of express to /usr/local/lib not in flight; installing
39 verbose lock using /Users/orhangencer/.npm/_locks/express-59b5b7164c5e2658.lock for /usr/local/lib/node_modules/express
40 silly install write writing express 4.13.3 to /usr/local/lib/node_modules/express
41 verbose unbuild lib/node_modules/express
42 silly gentlyRm /usr/local/lib/node_modules/express is being purged from base /usr/local
43 verbose gentlyRm don't care about contents; nuking /usr/local/lib/node_modules/express
44 verbose tar unpack /Users/orhangencer/.npm/express/4.13.3/package.tgz
45 verbose tar unpacking to /usr/local/lib/node_modules/express
46 silly gentlyRm /usr/local/lib/node_modules/express is being purged
47 verbose gentlyRm don't care about contents; nuking /usr/local/lib/node_modules/express
48 silly gunzTarPerm modes [ '755', '644' ]
49 error tar.unpack untar error /Users/orhangencer/.npm/express/4.13.3/package.tgz
50 verbose unlock done using /Users/orhangencer/.npm/_locks/express-59b5b7164c5e2658.lock for /usr/local/lib/node_modules/express
51 verbose fstream_path /usr/local/lib/node_modules/express
52 verbose fstream_type Directory
53 verbose fstream_class DirWriter
54 verbose stack Error: EACCES: permission denied, mkdir '/usr/local/lib/node_modules/express'
54 verbose stack     at Error (native)
55 verbose fstream_stack /usr/local/lib/node_modules/npm/node_modules/fstream/lib/dir-writer.js:35:25
55 verbose fstream_stack /usr/local/lib/node_modules/npm/node_modules/mkdirp/index.js:47:53
55 verbose fstream_stack FSReqWrap.oncomplete (fs.js:82:15)
56 verbose cwd /Users/orhangencer
57 error Darwin 14.5.0
58 error argv "/usr/local/bin/node" "/usr/local/bin/npm" "install" "-g" "express"
59 error node v4.2.2
60 error npm  v2.14.7
61 error path /usr/local/lib/node_modules/express
62 error code EACCES
63 error errno -13
64 error syscall mkdir
65 error Error: EACCES: permission denied, mkdir '/usr/local/lib/node_modules/express'
65 error     at Error (native)
65 error  { [Error: EACCES: permission denied, mkdir '/usr/local/lib/node_modules/express']
65 error   errno: -13,
65 error   code: 'EACCES',
65 error   syscall: 'mkdir',
65 error   path: '/usr/local/lib/node_modules/express',
65 error   fstream_type: 'Directory',
65 error   fstream_path: '/usr/local/lib/node_modules/express',
65 error   fstream_class: 'DirWriter',
65 error   fstream_stack:
65 error    [ '/usr/local/lib/node_modules/npm/node_modules/fstream/lib/dir-writer.js:35:25',
65 error      '/usr/local/lib/node_modules/npm/node_modules/mkdirp/index.js:47:53',
65 error      'FSReqWrap.oncomplete (fs.js:82:15)' ] }
66 error Please try running this command again as root/Administrator.
67 verbose exit [ -13, true ]
68 verbose unbuild lib/node_modules/express
69 silly gentlyRm /usr/local/lib/node_modules/express is being purged from base /usr/local
70 verbose gentlyRm don't care about contents; nuking /usr/local/lib/node_modules/express
